0 verbose cli /usr/local/bin/node /usr/local/bin/npm
1 info using npm@10.8.2
2 info using node@v20.19.4
3 silly config load:file:/usr/local/lib/node_modules/npm/npmrc
4 silly config load:file:/data/.npmrc
5 silly config load:file:/usr/src/node-red/.npmrc
6 silly config load:file:/usr/local/etc/npmrc
7 verbose title npm install node-red-contrib-uuid@0.0.4
8 verbose argv "install" "--no-audit" "--no-update-notifier" "--no-fund" "--save" "--save-prefix" "~" "--omit" "dev" "--engine-strict" "node-red-contrib-uuid@0.0.4"
9 verbose logfile logs-max:10 dir:/data/.npm/_logs/2025-10-14T22_04_56_171Z-
10 verbose logfile /data/.npm/_logs/2025-10-14T22_04_56_171Z-debug-0.log
11 silly packumentCache heap:2197815296 maxSize:549453824 maxEntrySize:274726912
12 silly logfile done cleaning log files
13 silly idealTree buildDeps
14 silly fetch manifest node-red-contrib-uuid@0.0.4
15 silly packumentCache full:https://registry.npmjs.org/node-red-contrib-uuid cache-miss
16 http fetch GET 200 https://registry.npmjs.org/node-red-contrib-uuid 247ms (cache revalidated)
17 silly packumentCache full:https://registry.npmjs.org/node-red-contrib-uuid set size:12434 disposed:false
18 silly placeDep ROOT node-red-contrib-uuid@0.0.4 REPLACE for: node-red-project@0.0.1 want: 0.0.4
19 silly reify moves {}
20 warn deprecated uuid@3.2.1: Please upgrade  to version 7 or higher.  Older versions may use Math.random() in certain circumstances, which is known to be problematic.  See https://v8.dev/blog/math-random for details.
21 silly ADD node_modules/node-red-contrib-uuid
22 silly ADD node_modules/xtend
23 silly ADD node_modules/whatwg-url
24 silly ADD node_modules/webidl-conversions
25 silly ADD node_modules/uuid
26 silly ADD node_modules/tr46
27 silly ADD node_modules/split2
28 silly ADD node_modules/sparse-bitfield
29 silly ADD node_modules/punycode
30 silly ADD node_modules/postgres-interval
31 silly ADD node_modules/postgres-date
32 silly ADD node_modules/postgres-bytea
33 silly ADD node_modules/postgres-array
34 silly ADD node_modules/pgpass
35 silly ADD node_modules/pg-types
36 silly ADD node_modules/pg-protocol
37 silly ADD node_modules/pg-pool
38 silly ADD node_modules/pg-int8
39 silly ADD node_modules/pg-cursor
40 silly ADD node_modules/pg-connection-string
41 silly ADD node_modules/pg-cloudflare
42 silly ADD node_modules/pg
43 silly ADD node_modules/node-red-contrib-postgresql
44 silly ADD node_modules/node-red-contrib-mongodb4
45 silly ADD node_modules/mustache
46 silly ADD node_modules/mongodb-connection-string-url
47 silly ADD node_modules/mongodb
48 silly ADD node_modules/memory-pager
49 silly ADD node_modules/bson
50 silly ADD node_modules/@types/whatwg-url
51 silly ADD node_modules/@types/webidl-conversions
52 silly ADD node_modules/@mongodb-js/saslprep
53 verbose cwd /data
54 verbose os Linux 5.15.167.4-microsoft-standard-WSL2
55 verbose node v20.19.4
56 verbose npm  v10.8.2
57 verbose exit 0
58 info ok
